<?xml version="1.0" encoding="UTF-8"?>
<testsuite xmlns:xsi="http://www.w3.org/2001/XMLSchema-instance" xsi:noNamespaceSchemaLocation="https://maven.apache.org/surefire/maven-surefire-plugin/xsd/surefire-test-report.xsd" version="3.0.2" name="br.com.Fretai.Verificacoes.VerificarEmailTest" time="0.377" tests="13" errors="0" skipped="0" failures="0" flakes="0">
  <properties>
[...]
</properties>
  <testcase name="deveRejeitarEmailsInvalidos(String)[1]" classname="Testes de Validação de E-mail" time="0.044"/>
  <testcase name="deveRejeitarEmailsInvalidos(String)[2]" classname="Testes de Validação de E-mail" time="0.002"/>
  <testcase name="deveRejeitarEmailsInvalidos(String)[3]" classname="Testes de Validação de E-mail" time="0.01"/>
  <testcase name="deveRejeitarEmailsInvalidos(String)[4]" classname="Testes de Validação de E-mail" time="0.015"/>
  <testcase name="deveRejeitarEmailsInvalidos(String)[5]" classname="Testes de Validação de E-mail" time="0.034"/>
  <testcase name="deveRejeitarEmailsInvalidos(String)[6]" classname="Testes de Validação de E-mail" time="0.016"/>
  <testcase name="deveRejeitarEmailsInvalidos(String)[7]" classname="Testes de Validação de E-mail" time="0.008"/>
  <testcase name="deveRejeitarEmailsInvalidos(String)[8]" classname="Testes de Validação de E-mail" time="0.014"/>
  <testcase name="deveValidarEmailsValidos(String)[1]" classname="Testes de Validação de E-mail" time="0.053"/>
  <testcase name="deveValidarEmailsValidos(String)[2]" classname="Testes de Validação de E-mail" time="0.005"/>
  <testcase name="deveValidarEmailsValidos(String)[3]" classname="Testes de Validação de E-mail" time="0.003"/>
  <testcase name="deveValidarEmailsValidos(String)[4]" classname="Testes de Validação de E-mail" time="0.003"/>
  <testcase name="deveRetornarFalseParaEmailNulo" classname="Testes de Validação de E-mail" time="0.002"/>
</testsuite>